mode: atomic
notes/internal/gateway/userService/userService.go:65.41,69.2 1 1
notes/internal/gateway/userService/userService.go:71.81,72.24 1 2
notes/internal/gateway/userService/userService.go:72.24,74.3 1 1
notes/internal/gateway/userService/userService.go:75.2,75.41 1 1
notes/internal/gateway/userService/userService.go:75.41,77.3 1 0
notes/internal/gateway/userService/userService.go:79.2,79.46 1 1
notes/internal/gateway/userService/userService.go:79.46,81.3 1 0
notes/internal/gateway/userService/userService.go:83.2,84.16 2 1
notes/internal/gateway/userService/userService.go:84.16,86.3 1 0
notes/internal/gateway/userService/userService.go:87.2,87.12 1 1
notes/internal/gateway/userService/userService.go:87.12,89.3 1 0
notes/internal/gateway/userService/userService.go:91.2,91.16 1 1
notes/internal/gateway/userService/userService.go:94.82,95.17 1 0
notes/internal/gateway/userService/userService.go:95.17,97.3 1 0
notes/internal/gateway/userService/userService.go:99.2,99.24 1 0
notes/internal/gateway/userService/userService.go:99.24,101.3 1 0
notes/internal/gateway/userService/userService.go:103.2,104.16 2 0
notes/internal/gateway/userService/userService.go:104.16,106.3 1 0
notes/internal/gateway/userService/userService.go:108.2,108.21 1 0
notes/internal/gateway/userService/userService.go:111.82,112.17 1 0
notes/internal/gateway/userService/userService.go:112.17,114.3 1 0
notes/internal/gateway/userService/userService.go:116.2,116.24 1 0
notes/internal/gateway/userService/userService.go:116.24,118.3 1 0
notes/internal/gateway/userService/userService.go:120.2,120.41 1 0
notes/internal/gateway/userService/userService.go:120.41,122.3 1 0
notes/internal/gateway/userService/userService.go:124.2,124.46 1 0
notes/internal/gateway/userService/userService.go:124.46,126.3 1 0
notes/internal/gateway/userService/userService.go:128.2,129.16 2 0
notes/internal/gateway/userService/userService.go:129.16,131.3 1 0
notes/internal/gateway/userService/userService.go:133.2,133.21 1 0
notes/internal/gateway/userService/userService.go:136.80,137.24 1 0
notes/internal/gateway/userService/userService.go:137.24,139.3 1 0
notes/internal/gateway/userService/userService.go:141.2,142.16 2 0
notes/internal/gateway/userService/userService.go:142.16,144.3 1 0
notes/internal/gateway/userService/userService.go:146.2,148.37 3 0
notes/internal/gateway/userService/userService.go:148.37,151.3 2 0
notes/internal/gateway/userService/userService.go:153.2,153.22 1 0
notes/internal/gateway/userService/userService.go:156.76,157.17 1 0
notes/internal/gateway/userService/userService.go:157.17,159.3 1 0
notes/internal/gateway/userService/userService.go:160.2,160.24 1 0
notes/internal/gateway/userService/userService.go:160.24,162.3 1 0
notes/internal/gateway/userService/userService.go:164.2,165.16 2 0
notes/internal/gateway/userService/userService.go:165.16,167.3 1 0
notes/internal/gateway/userService/userService.go:169.2,171.21 2 0
notes/internal/gateway/userService/userService.go:174.56,183.2 1 0
notes/internal/pkg/middlewares/middlewareJSONfileSize.go:9.69,10.54 1 0
notes/internal/pkg/middlewares/middlewareJSONfileSize.go:10.54,13.3 2 0
notes/internal/pkg/middlewares/middlewareLog.go:21.57,23.2 1 0
notes/internal/pkg/middlewares/middlewareLog.go:25.65,27.2 1 0
notes/internal/pkg/middlewares/middlewareLog.go:29.64,32.2 2 0
notes/internal/pkg/middlewares/middlewareLog.go:34.60,35.54 1 0
notes/internal/pkg/middlewares/middlewareLog.go:35.54,37.22 2 0
notes/internal/pkg/middlewares/middlewareLog.go:37.22,39.4 1 0
notes/internal/pkg/middlewares/middlewareLog.go:41.3,53.50 8 0
notes/internal/pkg/middlewares/middlewareLog.go:53.50,55.4 1 0
notes/internal/pkg/middlewares/middlewareLog.go:56.3,56.50 1 0
notes/internal/pkg/middlewares/middlewareLog.go:56.50,58.4 1 0
notes/internal/pkg/middlewares/middlewareLog.go:59.3,59.50 1 0
notes/internal/pkg/middlewares/middlewareLog.go:59.50,61.4 1 0
notes/internal/pkg/middlewares/onlyJSONheaders.go:5.64,6.54 1 1
notes/internal/pkg/middlewares/onlyJSONheaders.go:6.54,7.57 1 5
notes/internal/pkg/middlewares/onlyJSONheaders.go:7.57,10.4 2 1
notes/internal/pkg/middlewares/onlyJSONheaders.go:12.3,12.23 1 4
